<?xml version="1.0" encoding="UTF-8"?>
<!-- Generated by org.testng.reporters.JUnitReportReporter -->
<testsuite hostname="Vidul" failures="0" tests="5" name="Gurap_TestNG.Groups_Demo3" time="0.016" errors="0" timestamp="2024-08-04T01:12:41 IST" skipped="0">
  <testcase classname="Gurap_TestNG.Groups_Demo3" name="TC011" time="0.003"/>
  <system-out/>
  <testcase classname="Gurap_TestNG.Groups_Demo3" name="TC014" time="0.003"/>
  <system-out/>
  <testcase classname="Gurap_TestNG.Groups_Demo3" name="TC015" time="0.005"/>
  <system-out/>
  <testcase classname="Gurap_TestNG.Groups_Demo3" name="TC013" time="0.003"/>
  <system-out/>
  <testcase classname="Gurap_TestNG.Groups_Demo3" name="TC012" time="0.002"/>
  <system-out/>
</testsuite> <!-- Gurap_TestNG.Groups_Demo3 -->
