<?xml version="1.0" encoding="UTF-8"?>
<!-- Generated by org.testng.reporters.JUnitReportReporter -->
<testsuite hostname="Vidul" failures="0" tests="6" name="Learn_TestNG.Data_provider" time="0.022" errors="0" timestamp="2024-08-10T21:42:14 IST" skipped="0">
  <testcase classname="Learn_TestNG.Data_provider" name="test" time="0.002"/>
  <system-out/>
  <testcase classname="Learn_TestNG.Data_provider" name="test" time="0.013"/>
  <system-out/>
  <testcase classname="Learn_TestNG.Data_provider" name="test" time="0.001"/>
  <system-out/>
  <testcase classname="Learn_TestNG.Data_provider" name="test" time="0.002"/>
  <system-out/>
  <testcase classname="Learn_TestNG.Data_provider" name="test" time="0.003"/>
  <system-out/>
  <testcase classname="Learn_TestNG.Data_provider" name="test" time="0.001"/>
  <system-out/>
</testsuite> <!-- Learn_TestNG.Data_provider -->
