<?xml version="1.0" encoding="UTF-8"?>
<!-- Generated by org.testng.reporters.JUnitReportReporter -->
<testsuite hostname="Vidul" failures="0" tests="1" name="ExtentReports.Extent_Report_Test_Events" time="13.133" errors="0" timestamp="2024-09-02T12:23:23 IST" skipped="0">
  <testcase classname="ExtentReports.Extent_Report_Test_Events" name="ExtentReport" time="13.133"/>
  <system-out/>
</testsuite> <!-- ExtentReports.Extent_Report_Test_Events -->
