<?xml version="1.0" encoding="UTF-8"?>
<!-- Generated by org.testng.reporters.JUnitReportReporter -->
<testsuite hostname="Vidul" failures="0" tests="2" name="Learn_TestNG.Data_providerTWOD" time="0.021" errors="0" timestamp="2024-08-10T22:15:09 IST" skipped="0">
  <testcase classname="Learn_TestNG.Data_providerTWOD" name="test" time="0.018"/>
  <system-out/>
  <testcase classname="Learn_TestNG.Data_providerTWOD" name="test" time="0.003"/>
  <system-out/>
</testsuite> <!-- Learn_TestNG.Data_providerTWOD -->
