<?xml version="1.0" encoding="UTF-8"?>
<!-- Generated by org.testng.reporters.JUnitReportReporter -->
<testsuite hostname="Vidul" failures="0" tests="5" name="Gurap_TestNG.Groups_Demo2" time="0.049" errors="0" timestamp="2024-08-04T01:12:41 IST" skipped="0">
  <testcase classname="Gurap_TestNG.Groups_Demo2" name="TC07" time="0.010"/>
  <system-out/>
  <testcase classname="Gurap_TestNG.Groups_Demo2" name="TC08" time="0.010"/>
  <system-out/>
  <testcase classname="Gurap_TestNG.Groups_Demo2" name="TC06" time="0.007"/>
  <system-out/>
  <testcase classname="Gurap_TestNG.Groups_Demo2" name="TC09" time="0.002"/>
  <system-out/>
  <testcase classname="Gurap_TestNG.Groups_Demo2" name="TC010" time="0.020"/>
  <system-out/>
</testsuite> <!-- Gurap_TestNG.Groups_Demo2 -->
