<?xml version="1.0" encoding="UTF-8"?>
<!-- Generated by org.testng.reporters.JUnitReportReporter -->
<testsuite hostname="Vidul" failures="0" tests="1" name="Learn_TestNG.NewTest" time="0.044" errors="0" timestamp="2024-07-24T16:17:40 IST" skipped="0">
  <testcase classname="Learn_TestNG.NewTest" name="Test" time="0.044"/>
  <system-out/>
</testsuite> <!-- Learn_TestNG.NewTest -->
