<?xml version="1.0" encoding="UTF-8"?>
<!-- Generated by org.testng.reporters.JUnitReportReporter -->
<testsuite hostname="Vidul" failures="0" tests="1" name="Learn_TestNG.workwithExcel" time="0.904" errors="0" timestamp="2024-08-11T20:23:24 IST" skipped="0">
  <testcase classname="Learn_TestNG.workwithExcel" name="ExcelSheetWork" time="0.904"/>
  <system-out/>
</testsuite> <!-- Learn_TestNG.workwithExcel -->
