<?xml version="1.0" encoding="UTF-8"?>
<!-- Generated by org.testng.reporters.JUnitReportReporter -->
<testsuite hostname="Vidul" failures="0" tests="2" name="Learn_TestNG.Altro_copy" time="5.767" errors="0" timestamp="2024-07-24T16:20:49 IST" skipped="0">
  <testcase classname="Learn_TestNG.Altro_copy" name="signoff" time="0.088"/>
  <system-out/>
  <testcase classname="Learn_TestNG.Altro_copy" name="applunch" time="5.679"/>
  <system-out/>
</testsuite> <!-- Learn_TestNG.Altro_copy -->
