<?xml version="1.0" encoding="UTF-8"?>
<!-- Generated by org.testng.reporters.JUnitReportReporter -->
<testsuite hostname="Vidul" failures="0" tests="5" name="Learn_TestNG.Rendom_user" time="17.365" errors="0" timestamp="2024-08-09T12:05:31 IST" skipped="0">
  <testcase classname="Learn_TestNG.Rendom_user" name="Countinvocation" time="3.127"/>
  <system-out/>
  <testcase classname="Learn_TestNG.Rendom_user" name="Countinvocation" time="3.273"/>
  <system-out/>
  <testcase classname="Learn_TestNG.Rendom_user" name="Countinvocation" time="3.122"/>
  <system-out/>
  <testcase classname="Learn_TestNG.Rendom_user" name="Countinvocation" time="3.213"/>
  <system-out/>
  <testcase classname="Learn_TestNG.Rendom_user" name="Countinvocation" time="4.630"/>
  <system-out/>
</testsuite> <!-- Learn_TestNG.Rendom_user -->
