<?xml version="1.0" encoding="UTF-8"?>
<!-- Generated by org.testng.reporters.JUnitReportReporter -->
<testsuite hostname="Vidul" failures="0" tests="5" name="Learn_TestNG.Groups_Demo" time="0.031" errors="0" timestamp="2024-08-03T20:51:51 IST" skipped="0">
  <testcase classname="Learn_TestNG.Groups_Demo" name="TC02" time="0.005"/>
  <system-out/>
  <testcase classname="Learn_TestNG.Groups_Demo" name="TC01" time="0.017"/>
  <system-out/>
  <testcase classname="Learn_TestNG.Groups_Demo" name="TC04" time="0.004"/>
  <system-out/>
  <testcase classname="Learn_TestNG.Groups_Demo" name="TC03" time="0.003"/>
  <system-out/>
  <testcase classname="Learn_TestNG.Groups_Demo" name="TC05" time="0.002"/>
  <system-out/>
</testsuite> <!-- Learn_TestNG.Groups_Demo -->
