<?xml version="1.0" encoding="UTF-8"?>
<!-- Generated by org.testng.reporters.JUnitReportReporter -->
<testsuite hostname="Vidul" failures="0" tests="5" name="Gurap_TestNG.Groups_Demo" time="0.023" errors="0" timestamp="2024-08-04T01:12:41 IST" skipped="0">
  <testcase classname="Gurap_TestNG.Groups_Demo" name="TC05" time="0.002"/>
  <system-out/>
  <testcase classname="Gurap_TestNG.Groups_Demo" name="TC04" time="0.001"/>
  <system-out/>
  <testcase classname="Gurap_TestNG.Groups_Demo" name="TC02" time="0.002"/>
  <system-out/>
  <testcase classname="Gurap_TestNG.Groups_Demo" name="TC03" time="0.006"/>
  <system-out/>
  <testcase classname="Gurap_TestNG.Groups_Demo" name="TC01" time="0.012"/>
  <system-out/>
</testsuite> <!-- Gurap_TestNG.Groups_Demo -->
