<?xml version="1.0" encoding="UTF-8"?>
<!-- Generated by org.testng.reporters.JUnitReportReporter -->
<testsuite hostname="Vidul" failures="0" tests="2" name="Learn_TestNG.Altro2_Asserts_Firefox" time="4.366" errors="0" timestamp="2024-07-24T16:20:49 IST" skipped="0">
  <testcase classname="Learn_TestNG.Altro2_Asserts_Firefox" name="applunch" time="4.289"/>
  <system-out/>
  <testcase classname="Learn_TestNG.Altro2_Asserts_Firefox" name="signoff" time="0.077"/>
  <system-out/>
</testsuite> <!-- Learn_TestNG.Altro2_Asserts_Firefox -->
