<?xml version="1.0" encoding="UTF-8"?>
<!-- Generated by org.testng.reporters.JUnitReportReporter -->
<testsuite hostname="Vidul" failures="0" tests="1" name="ExtentReports.Extent_Report_Test" time="1.179" errors="0" timestamp="2024-08-31T21:11:53 IST" skipped="0">
  <testcase classname="ExtentReports.Extent_Report_Test" name="ExtentReport" time="1.179"/>
  <system-out/>
</testsuite> <!-- ExtentReports.Extent_Report_Test -->
