<?xml version="1.0" encoding="UTF-8"?>
<!-- Generated by org.testng.reporters.JUnitReportReporter -->
<testsuite hostname="Vidul" failures="0" tests="2" name="Learn_TestNG.Altro" time="3.199" errors="0" timestamp="2024-09-09T23:25:31 IST" skipped="0">
  <testcase classname="Learn_TestNG.Altro" name="signoff" time="0.050"/>
  <system-out/>
  <testcase classname="Learn_TestNG.Altro" name="applunch" time="3.149"/>
  <system-out/>
</testsuite> <!-- Learn_TestNG.Altro -->
